\BOOKMARK [1][-]{section.1}{\376\377\000O\000v\000e\000r\000v\000i\000e\000w\000\040\000a\000n\000d\000\040\000S\000t\000r\000a\000t\000e\000g\000y}{}% 1
\BOOKMARK [2][-]{subsection.1.1}{\376\377\000T\000h\000e\000\040\000m\000a\000i\000n\000\040\000s\000t\000r\000a\000t\000e\000g\000y}{section.1}% 2
\BOOKMARK [2][-]{subsection.1.2}{\376\377\000S\000t\000a\000t\000u\000s\000\040\000s\000u\000m\000m\000a\000r\000y}{section.1}% 3
\BOOKMARK [0][-]{part.1}{\376\377\000I\000\040\000G\000e\000n\000e\000r\000a\000l\000\040\000T\000h\000e\000o\000r\000y}{}% 4
\BOOKMARK [1][-]{section.2}{\376\377\000S\000e\000t\000u\000p\000\040\000a\000n\000d\000\040\000N\000o\000t\000a\000t\000i\000o\000n}{part.1}% 5
\BOOKMARK [1][-]{section.3}{\376\377\000T\000h\000e\000\040\000T\000w\000o\000\040\000C\000o\000n\000v\000o\000l\000u\000t\000i\000o\000n\000\040\000E\000q\000u\000a\000t\000i\000o\000n\000s}{part.1}% 6
\BOOKMARK [2][-]{subsection.3.1}{\376\377\000T\000h\000e\000\040\000e\000q\000u\000a\000t\000i\000o\000n\000\040\000u\000k\000=\000c\000\050\000u\000f\000\051\000:\000\040\000s\000p\000e\000c\000t\000r\000a\000l\000\040\000e\000x\000p\000a\000n\000s\000i\000o\000n\000\040\000k\000i\000l\000l\000s\000\040\000s\000o\000l\000u\000t\000i\000o\000n\000s}{section.3}% 7
\BOOKMARK [2][-]{subsection.3.2}{\376\377\000T\000h\000e\000\040\000e\000q\000u\000a\000t\000i\000o\000n\000\040\000u\000=\000c\000\050\000u\000k\000f\000\051\000:\000\040\000c\000o\000m\000p\000a\000c\000t\000\040\000f\000i\000x\000e\000d\000-\000p\000o\000i\000n\000t\000\040\000s\000t\000r\000u\000c\000t\000u\000r\000e}{section.3}% 8
\BOOKMARK [2][-]{subsection.3.3}{\376\377\000F\000r\000e\000d\000h\000o\000l\000m\000\040\000s\000t\000r\000u\000c\000t\000u\000r\000e\000\040\000a\000n\000d\000\040\000l\000o\000c\000a\000l\000\040\000m\000a\000n\000i\000f\000o\000l\000d\000\040\000t\000h\000e\000o\000r\000e\000m}{section.3}% 9
\BOOKMARK [2][-]{subsection.3.4}{\376\377\000C\000o\000m\000p\000a\000r\000i\000s\000o\000n\000\040\000o\000f\000\040\000t\000h\000e\000\040\000t\000w\000o\000\040\000e\000q\000u\000a\000t\000i\000o\000n\000s}{section.3}% 10
\BOOKMARK [1][-]{section.4}{\376\377\000S\000p\000e\000c\000t\000r\000a\000l\000\040\000S\000u\000p\000p\000o\000r\000t\000\040\000F\000o\000r\000c\000i\000n\000g}{part.1}% 11
\BOOKMARK [2][-]{subsection.4.1}{\376\377\000R\000e\000d\000u\000c\000t\000i\000o\000n\000\040\000t\000o\000\040\000a\000\040\000d\000e\000n\000s\000i\000t\000y\000\040\000e\000q\000u\000a\000t\000i\000o\000n\000\040\000o\000n\000\040\000t\000h\000e\000\040\000s\000p\000h\000e\000r\000e}{section.4}% 12
\BOOKMARK [1][-]{section.5}{\376\377\000T\000h\000e\000\040\000O\000n\000e\000-\000D\000i\000m\000e\000n\000s\000i\000o\000n\000a\000l\000\040\000C\000a\000s\000e\000:\000\040\000C\000o\000m\000p\000l\000e\000t\000e\000\040\000S\000o\000l\000u\000t\000i\000o\000n}{part.1}% 13
\BOOKMARK [2][-]{subsection.5.1}{\376\377\000A\000l\000g\000e\000b\000r\000a\000i\000c\000\040\000r\000e\000d\000u\000c\000t\000i\000o\000n}{section.5}% 14
\BOOKMARK [0][-]{part.2}{\376\377\000I\000I\000\040\000T\000h\000e\000\040\000S\0001\000\040\000R\000e\000s\000t\000r\000i\000c\000t\000i\000o\000n\000\040\000P\000r\000o\000b\000l\000e\000m}{}% 15
\BOOKMARK [1][-]{section.6}{\376\377\000T\000h\000e\000\040\000S\000h\000a\000r\000p\000\040\000R\000e\000s\000t\000r\000i\000c\000t\000i\000o\000n\000\040\000C\000o\000n\000s\000t\000a\000n\000t\000\040\000a\000n\000d\000\040\000I\000t\000s\000\040\000E\000u\000l\000e\000r\040\023\000L\000a\000g\000r\000a\000n\000g\000e\000\040\000E\000q\000u\000a\000t\000i\000o\000n}{part.2}% 16
\BOOKMARK [2][-]{subsection.6.1}{\376\377\000S\000e\000t\000u\000p}{section.6}% 17
\BOOKMARK [2][-]{subsection.6.2}{\376\377\000T\000h\000e\000\040\000E\000u\000l\000e\000r\040\023\000L\000a\000g\000r\000a\000n\000g\000e\000\040\000e\000q\000u\000a\000t\000i\000o\000n}{section.6}% 18
\BOOKMARK [2][-]{subsection.6.3}{\376\377\000T\000h\000e\000\040\000s\000y\000m\000m\000e\000t\000r\000y\000\040\000g\000r\000o\000u\000p}{section.6}% 19
\BOOKMARK [2][-]{subsection.6.4}{\376\377\000W\000h\000a\000t\000\040\000`\000`\000f\000i\000n\000d\000i\000n\000g\000\040\000a\000l\000l\000\040\000c\000r\000i\000t\000i\000c\000a\000l\000\040\000v\000a\000l\000u\000e\000s\000'\000'\000\040\000m\000e\000a\000n\000s}{section.6}% 20
\BOOKMARK [2][-]{subsection.6.5}{\376\377\000P\000o\000s\000i\000t\000i\000v\000e\000\040\000r\000e\000p\000r\000e\000s\000e\000n\000t\000a\000t\000i\000v\000e\000s\000\040\000f\000o\000r\000\040\000e\000x\000t\000r\000e\000m\000i\000s\000e\000r\000s}{section.6}% 21
\BOOKMARK [1][-]{section.7}{\376\377\000F\000r\000e\000d\000h\000o\000l\000m\000\040\000S\000t\000r\000u\000c\000t\000u\000r\000e\000\040\000o\000f\000\040\000t\000h\000e\000\040\000L\000i\000n\000e\000a\000r\000i\000s\000a\000t\000i\000o\000n}{part.2}% 22
\BOOKMARK [2][-]{subsection.7.1}{\376\377\000T\000h\000e\000\040\000e\000x\000t\000e\000n\000s\000i\000o\000n\000\040\000o\000p\000e\000r\000a\000t\000o\000r\000\040\000E\000\040\000i\000s\000\040\000n\000o\000t\000\040\000c\000o\000m\000p\000a\000c\000t}{section.7}% 23
\BOOKMARK [2][-]{subsection.7.2}{\376\377\000T\000h\000e\000\040\000l\000i\000n\000e\000a\000r\000i\000s\000e\000d\000\040\000o\000p\000e\000r\000a\000t\000o\000r\000\040\000K\000u\0000\000\040\000i\000s\000\040\000c\000o\000m\000p\000a\000c\000t}{section.7}% 24
\BOOKMARK [1][-]{section.8}{\376\377\000N\000o\000n\000d\000e\000g\000e\000n\000e\000r\000a\000c\000y\000\040\000a\000t\000\040\000t\000h\000e\000\040\000C\000o\000n\000s\000t\000a\000n\000t\000\040\000S\000o\000l\000u\000t\000i\000o\000n}{part.2}% 25
\BOOKMARK [2][-]{subsection.8.1}{\376\377\000S\000e\000t\000u\000p}{section.8}% 26
\BOOKMARK [2][-]{subsection.8.2}{\376\377\000F\000o\000u\000r\000i\000e\000r\000\040\000d\000e\000c\000o\000m\000p\000o\000s\000i\000t\000i\000o\000n\000\040\000o\000f\000\040\000t\000h\000e\000\040\000l\000i\000n\000e\000a\000r\000i\000s\000e\000d\000\040\000o\000p\000e\000r\000a\000t\000o\000r}{section.8}% 27
\BOOKMARK [2][-]{subsection.8.3}{\376\377\000I\000d\000e\000n\000t\000i\000f\000i\000c\000a\000t\000i\000o\000n\000\040\000o\000f\000\040\000t\000h\000e\000\040\000s\000y\000m\000m\000e\000t\000r\000y\000\040\000k\000e\000r\000n\000e\000l}{section.8}% 28
\BOOKMARK [2][-]{subsection.8.4}{\376\377\000T\000h\000e\000\040\000n\000o\000n\000d\000e\000g\000e\000n\000e\000r\000a\000c\000y\000\040\000c\000r\000i\000t\000e\000r\000i\000o\000n}{section.8}% 29
\BOOKMARK [2][-]{subsection.8.5}{\376\377\000A\000s\000y\000m\000p\000t\000o\000t\000i\000c\000\040\000a\000n\000a\000l\000y\000s\000i\000s\000\040\000o\000f\000\040\000J\000n}{section.8}% 30
\BOOKMARK [2][-]{subsection.8.6}{\376\377\000N\000o\000n\000d\000e\000g\000e\000n\000e\000r\000a\000c\000y\000\040\000a\000t\000\040\000n\000o\000n\000-\000c\000o\000n\000s\000t\000a\000n\000t\000\040\000s\000o\000l\000u\000t\000i\000o\000n\000s}{section.8}% 31
\BOOKMARK [1][-]{section.9}{\376\377\000C\000o\000m\000p\000a\000c\000t\000n\000e\000s\000s\000\040\000M\000o\000d\000u\000l\000o\000\040\000S\000y\000m\000m\000e\000t\000r\000y}{part.2}% 32
\BOOKMARK [2][-]{subsection.9.1}{\376\377\000R\000e\000g\000u\000l\000a\000r\000i\000t\000y\000\040\000b\000o\000o\000t\000s\000t\000r\000a\000p}{section.9}% 33
\BOOKMARK [2][-]{subsection.9.2}{\376\377\000P\000r\000o\000f\000i\000l\000e\000\040\000d\000e\000c\000o\000m\000p\000o\000s\000i\000t\000i\000o\000n\000\040\000f\000o\000r\000\040\000t\000h\000e\000\040\000c\000i\000r\000c\000l\000e\000\040\000e\000x\000t\000e\000n\000s\000i\000o\000n}{section.9}% 34
\BOOKMARK [2][-]{subsection.9.3}{\376\377\000P\000r\000o\000f\000i\000l\000e\000s\000\040\000o\000f\000\040\000c\000r\000i\000t\000i\000c\000a\000l\000\040\000s\000e\000q\000u\000e\000n\000c\000e\000s\000\040\000i\000n\000h\000e\000r\000i\000t\000\040\000t\000h\000e\000\040\000e\000q\000u\000a\000t\000i\000o\000n}{section.9}% 35
\BOOKMARK [2][-]{subsection.9.4}{\376\377\000E\000x\000i\000s\000t\000e\000n\000c\000e\000\040\000o\000f\000\040\000a\000\040\000m\000a\000x\000i\000m\000i\000s\000e\000r}{section.9}% 36
\BOOKMARK [2][-]{subsection.9.5}{\376\377\000T\000h\000e\000\040\000s\000p\000l\000i\000t\000t\000i\000n\000g\000\040\000o\000b\000s\000t\000r\000u\000c\000t\000i\000o\000n\000\040\000f\000o\000r\000\040\000g\000e\000n\000e\000r\000a\000l\000\040\000c\000r\000i\000t\000i\000c\000a\000l\000\040\000s\000e\000q\000u\000e\000n\000c\000e\000s}{section.9}% 37
\BOOKMARK [2][-]{subsection.9.6}{\376\377\000A\000p\000p\000r\000o\000a\000c\000h\000e\000s\000\040\000t\000o\000\040\000r\000u\000l\000e\000\040\000o\000u\000t\000\040\000s\000p\000l\000i\000t\000t\000i\000n\000g}{section.9}% 38
\BOOKMARK [1][-]{section.10}{\376\377\000F\000r\000o\000m\000\040\000t\000h\000e\000\040\000T\000h\000r\000e\000e\000\040\000I\000n\000p\000u\000t\000s\000\040\000t\000o\000\040\000t\000h\000e\000\040\000S\000h\000a\000r\000p\000\040\000C\000o\000n\000s\000t\000a\000n\000t}{part.2}% 39
\BOOKMARK [2][-]{subsection.10.1}{\376\377\000F\000i\000n\000i\000t\000e\000n\000e\000s\000s\000\040\000a\000f\000t\000e\000r\000\040\000t\000h\000e\000\040\000p\000o\000s\000i\000t\000i\000v\000i\000t\000y\000\040\000r\000e\000d\000u\000c\000t\000i\000o\000n}{section.10}% 40
\BOOKMARK [2][-]{subsection.10.2}{\376\377\000A\000\040\000s\000p\000e\000c\000t\000r\000a\000l\000\040\000g\000a\000p\000\040\000a\000r\000o\000u\000n\000d\000\040\000t\000h\000e\000\040\000c\000o\000n\000s\000t\000a\000n\000t\000\040\000v\000a\000l\000u\000e}{section.10}% 41
\BOOKMARK [2][-]{subsection.10.3}{\376\377\000W\000h\000a\000t\000\040\000a\000\040\000r\000i\000g\000o\000r\000o\000u\000s\000\040\000b\000r\000u\000t\000e\000-\000f\000o\000r\000c\000e\000\040\000s\000e\000a\000r\000c\000h\000\040\000w\000o\000u\000l\000d\000\040\000m\000e\000a\000n}{section.10}% 42
\BOOKMARK [2][-]{subsection.10.4}{\376\377\000W\000h\000a\000t\000\040\000r\000e\000m\000a\000i\000n\000s\000\040\000f\000o\000r\000\040\000t\000h\000e\000\040\000s\000h\000a\000r\000p\000\040\000c\000o\000n\000s\000t\000a\000n\000t\000\040\000o\000n\000\040\000S\0001}{section.10}% 43
\BOOKMARK [0][-]{part.3}{\376\377\000I\000I\000I\000\040\000E\000x\000t\000e\000n\000s\000i\000o\000n\000s\000\040\000a\000n\000d\000\040\000S\000u\000p\000p\000l\000e\000m\000e\000n\000t\000a\000r\000y\000\040\000M\000a\000t\000e\000r\000i\000a\000l}{}% 44
\BOOKMARK [1][-]{section.11}{\376\377\000T\000h\000e\000\040\000H\000i\000g\000h\000e\000r\000-\000D\000i\000m\000e\000n\000s\000i\000o\000n\000a\000l\000\040\000T\000r\000a\000n\000s\000v\000e\000r\000s\000a\000l\000i\000t\000y\000\040\000R\000o\000u\000t\000e}{part.3}% 45
\BOOKMARK [2][-]{subsection.11.1}{\376\377\000T\000h\000e\000\040\000f\000i\000v\000e\000-\000s\000t\000e\000p\000\040\000p\000r\000o\000g\000r\000a\000m\000m\000e}{section.11}% 46
\BOOKMARK [2][-]{subsection.11.2}{\376\377\000D\000e\000g\000e\000n\000e\000r\000a\000t\000e\000\040\000f\000i\000b\000r\000e\000s}{section.11}% 47
\BOOKMARK [2][-]{subsection.11.3}{\376\377\000O\000r\000b\000i\000t\000\040\000d\000i\000m\000e\000n\000s\000i\000o\000n\000\040\000a\000n\000d\000\040\000r\000a\000d\000i\000a\000l\000\040\000r\000i\000g\000i\000d\000i\000t\000y}{section.11}% 48
\BOOKMARK [1][-]{section.12}{\376\377\000S\000u\000p\000p\000l\000e\000m\000e\000n\000t\000a\000r\000y\000:\000\040\000G\000e\000g\000e\000n\000b\000a\000u\000e\000r\000\040\000E\000x\000p\000a\000n\000s\000i\000o\000n\000\040\000a\000n\000d\000\040\000G\000a\000l\000e\000r\000k\000i\000n\000\040\000M\000o\000d\000e\000l\000s}{part.3}% 49
\BOOKMARK [2][-]{subsection.12.1}{\376\377\000G\000e\000g\000e\000n\000b\000a\000u\000e\000r\000\040\000e\000x\000p\000a\000n\000s\000i\000o\000n}{section.12}% 50
\BOOKMARK [2][-]{subsection.12.2}{\376\377\000G\000a\000l\000e\000r\000k\000i\000n\000\040\000a\000p\000p\000r\000o\000x\000i\000m\000a\000t\000i\000o\000n}{section.12}% 51
\BOOKMARK [1][-]{section.13}{\376\377\000S\000u\000p\000p\000l\000e\000m\000e\000n\000t\000a\000r\000y\000:\000\040\000V\000a\000l\000i\000d\000a\000t\000e\000d\000\040\000S\000e\000a\000r\000c\000h\000\040\000S\000t\000r\000a\000t\000e\000g\000y}{part.3}% 52
\BOOKMARK [2][-]{subsection.13.1}{\376\377\000C\000o\000n\000s\000t\000a\000n\000t\000s\000\040\000n\000e\000e\000d\000e\000d}{section.13}% 53
\BOOKMARK [2][-]{subsection.13.2}{\376\377\000S\000e\000p\000a\000r\000a\000t\000i\000o\000n\000\040\000a\000n\000d\000\040\000p\000a\000c\000k\000i\000n\000g}{section.13}% 54
\BOOKMARK [2][-]{subsection.13.3}{\376\377\000T\000h\000e\000\040\000s\000e\000a\000r\000c\000h\000\040\000p\000i\000p\000e\000l\000i\000n\000e}{section.13}% 55
\BOOKMARK [2][-]{subsection.13.4}{\376\377\000M\000a\000i\000n\000\040\000d\000i\000f\000f\000i\000c\000u\000l\000t\000i\000e\000s}{section.13}% 56
\BOOKMARK [2][-]{subsection.13.5}{\376\377\000S\000p\000e\000c\000i\000a\000l\000i\000s\000a\000t\000i\000o\000n\000\040\000t\000o\000\040\000S\0001}{section.13}% 57
\BOOKMARK [1][-]{section.14}{\376\377\000S\000u\000m\000m\000a\000r\000y\000:\000\040\000T\000h\000e\000\040\000L\000o\000g\000i\000c\000a\000l\000\040\000D\000e\000p\000e\000n\000d\000e\000n\000c\000y\000\040\000G\000r\000a\000p\000h}{part.3}% 58
